<?xml version="1.0" encoding="UTF-8"?>
<!-- Generated by org.testng.reporters.JUnitReportReporter -->
<testsuite hostname="DESKTOP-SULED2E" failures="0" tests="1" name="com.myEcom.TestCases.SignInPageTest" time="38.449" errors="0" timestamp="2022-09-16T16:15:08 IST" skipped="0">
  <testcase classname="com.myEcom.TestCases.SignInPageTest" name="singUp" time="38.449"/>
  <system-out/>
</testsuite> <!-- com.myEcom.TestCases.SignInPageTest -->
